[0.535s] Invoking command in '/home/crx/Vscode/ros2_nav_ws/src/rrt_a_star_comparison': PYTHONPATH=/home/crx/Vscode/ros2_nav_ws/build/rrt_a_star_comparison/prefix_override:/usr/lib/python3/dist-packages/colcon_core/task/python/colcon_distutils_commands:/home/crx/Vscode/ros2_nav_ws/install/rrt_a_star_comparison/lib/python3.10/site-packages:${PYTHONPATH} /usr/bin/python3 -W ignore:setup.py install is deprecated -W ignore:easy_install command is deprecated setup.py egg_info --egg-base ../../build/rrt_a_star_comparison build --build-base /home/crx/Vscode/ros2_nav_ws/build/rrt_a_star_comparison/build install --record /home/crx/Vscode/ros2_nav_ws/build/rrt_a_star_comparison/install.log --single-version-externally-managed install_data
[0.696s] running egg_info
[0.696s] creating ../../build/rrt_a_star_comparison/rrt_a_star_comparison.egg-info
[0.696s] writing ../../build/rrt_a_star_comparison/rrt_a_star_comparison.egg-info/PKG-INFO
[0.696s] writing dependency_links to ../../build/rrt_a_star_comparison/rrt_a_star_comparison.egg-info/dependency_links.txt
[0.696s] writing entry points to ../../build/rrt_a_star_comparison/rrt_a_star_comparison.egg-info/entry_points.txt
[0.696s] writing requirements to ../../build/rrt_a_star_comparison/rrt_a_star_comparison.egg-info/requires.txt
[0.696s] writing top-level names to ../../build/rrt_a_star_comparison/rrt_a_star_comparison.egg-info/top_level.txt
[0.696s] writing manifest file '../../build/rrt_a_star_comparison/rrt_a_star_comparison.egg-info/SOURCES.txt'
[0.697s] reading manifest file '../../build/rrt_a_star_comparison/rrt_a_star_comparison.egg-info/SOURCES.txt'
[0.698s] writing manifest file '../../build/rrt_a_star_comparison/rrt_a_star_comparison.egg-info/SOURCES.txt'
[0.698s] running build
[0.698s] running build_py
[0.698s] creating /home/crx/Vscode/ros2_nav_ws/build/rrt_a_star_comparison/build
[0.698s] creating /home/crx/Vscode/ros2_nav_ws/build/rrt_a_star_comparison/build/lib
[0.698s] creating /home/crx/Vscode/ros2_nav_ws/build/rrt_a_star_comparison/build/lib/rrt_a_star_comparison
[0.698s] copying rrt_a_star_comparison/__init__.py -> /home/crx/Vscode/ros2_nav_ws/build/rrt_a_star_comparison/build/lib/rrt_a_star_comparison
[0.698s] copying rrt_a_star_comparison/a_star.py -> /home/crx/Vscode/ros2_nav_ws/build/rrt_a_star_comparison/build/lib/rrt_a_star_comparison
[0.698s] copying rrt_a_star_comparison/rrt.py -> /home/crx/Vscode/ros2_nav_ws/build/rrt_a_star_comparison/build/lib/rrt_a_star_comparison
[0.698s] running install
[0.699s] running install_lib
[0.699s] creating /home/crx/Vscode/ros2_nav_ws/install/rrt_a_star_comparison/lib/python3.10/site-packages/rrt_a_star_comparison
[0.699s] copying /home/crx/Vscode/ros2_nav_ws/build/rrt_a_star_comparison/build/lib/rrt_a_star_comparison/__init__.py -> /home/crx/Vscode/ros2_nav_ws/install/rrt_a_star_comparison/lib/python3.10/site-packages/rrt_a_star_comparison
[0.699s] copying /home/crx/Vscode/ros2_nav_ws/build/rrt_a_star_comparison/build/lib/rrt_a_star_comparison/a_star.py -> /home/crx/Vscode/ros2_nav_ws/install/rrt_a_star_comparison/lib/python3.10/site-packages/rrt_a_star_comparison
[0.699s] copying /home/crx/Vscode/ros2_nav_ws/build/rrt_a_star_comparison/build/lib/rrt_a_star_comparison/rrt.py -> /home/crx/Vscode/ros2_nav_ws/install/rrt_a_star_comparison/lib/python3.10/site-packages/rrt_a_star_comparison
[0.700s] byte-compiling /home/crx/Vscode/ros2_nav_ws/install/rrt_a_star_comparison/lib/python3.10/site-packages/rrt_a_star_comparison/__init__.py to __init__.cpython-310.pyc
[0.700s] byte-compiling /home/crx/Vscode/ros2_nav_ws/install/rrt_a_star_comparison/lib/python3.10/site-packages/rrt_a_star_comparison/a_star.py to a_star.cpython-310.pyc
[0.700s] byte-compiling /home/crx/Vscode/ros2_nav_ws/install/rrt_a_star_comparison/lib/python3.10/site-packages/rrt_a_star_comparison/rrt.py to rrt.cpython-310.pyc
[0.701s] running install_data
[0.701s] creating /home/crx/Vscode/ros2_nav_ws/install/rrt_a_star_comparison/share/ament_index
[0.701s] creating /home/crx/Vscode/ros2_nav_ws/install/rrt_a_star_comparison/share/ament_index/resource_index
[0.701s] creating /home/crx/Vscode/ros2_nav_ws/install/rrt_a_star_comparison/share/ament_index/resource_index/packages
[0.701s] copying resource/rrt_a_star_comparison -> /home/crx/Vscode/ros2_nav_ws/install/rrt_a_star_comparison/share/ament_index/resource_index/packages
[0.701s] copying package.xml -> /home/crx/Vscode/ros2_nav_ws/install/rrt_a_star_comparison/share/rrt_a_star_comparison
[0.701s] running install_egg_info
[0.703s] Copying ../../build/rrt_a_star_comparison/rrt_a_star_comparison.egg-info to /home/crx/Vscode/ros2_nav_ws/install/rrt_a_star_comparison/lib/python3.10/site-packages/rrt_a_star_comparison-0.0.0-py3.10.egg-info
[0.703s] running install_scripts
[0.718s] Installing a_star_node script to /home/crx/Vscode/ros2_nav_ws/install/rrt_a_star_comparison/lib/rrt_a_star_comparison
[0.718s] Installing rrt_node script to /home/crx/Vscode/ros2_nav_ws/install/rrt_a_star_comparison/lib/rrt_a_star_comparison
[0.718s] writing list of installed files to '/home/crx/Vscode/ros2_nav_ws/build/rrt_a_star_comparison/install.log'
[0.733s] Invoked command in '/home/crx/Vscode/ros2_nav_ws/src/rrt_a_star_comparison' returned '0': PYTHONPATH=/home/crx/Vscode/ros2_nav_ws/build/rrt_a_star_comparison/prefix_override:/usr/lib/python3/dist-packages/colcon_core/task/python/colcon_distutils_commands:/home/crx/Vscode/ros2_nav_ws/install/rrt_a_star_comparison/lib/python3.10/site-packages:${PYTHONPATH} /usr/bin/python3 -W ignore:setup.py install is deprecated -W ignore:easy_install command is deprecated setup.py egg_info --egg-base ../../build/rrt_a_star_comparison build --build-base /home/crx/Vscode/ros2_nav_ws/build/rrt_a_star_comparison/build install --record /home/crx/Vscode/ros2_nav_ws/build/rrt_a_star_comparison/install.log --single-version-externally-managed install_data
