/home/crx/Vscode/ros2_nav_ws/install/rrt_a_star_comparison/lib/python3.10/site-packages/rrt_a_star_comparison/train_model.py
/home/crx/Vscode/ros2_nav_ws/install/rrt_a_star_comparison/lib/python3.10/site-packages/rrt_a_star_comparison/__init__.py
/home/crx/Vscode/ros2_nav_ws/install/rrt_a_star_comparison/lib/python3.10/site-packages/rrt_a_star_comparison/a_star.py
/home/crx/Vscode/ros2_nav_ws/install/rrt_a_star_comparison/lib/python3.10/site-packages/rrt_a_star_comparison/performance_visualizer.py
/home/crx/Vscode/ros2_nav_ws/install/rrt_a_star_comparison/lib/python3.10/site-packages/rrt_a_star_comparison/ml_rrt.py
/home/crx/Vscode/ros2_nav_ws/install/rrt_a_star_comparison/lib/python3.10/site-packages/rrt_a_star_comparison/rrt.py
/home/crx/Vscode/ros2_nav_ws/install/rrt_a_star_comparison/lib/python3.10/site-packages/rrt_a_star_comparison/__pycache__/train_model.cpython-310.pyc
/home/crx/Vscode/ros2_nav_ws/install/rrt_a_star_comparison/lib/python3.10/site-packages/rrt_a_star_comparison/__pycache__/__init__.cpython-310.pyc
/home/crx/Vscode/ros2_nav_ws/install/rrt_a_star_comparison/lib/python3.10/site-packages/rrt_a_star_comparison/__pycache__/a_star.cpython-310.pyc
/home/crx/Vscode/ros2_nav_ws/install/rrt_a_star_comparison/lib/python3.10/site-packages/rrt_a_star_comparison/__pycache__/performance_visualizer.cpython-310.pyc
/home/crx/Vscode/ros2_nav_ws/install/rrt_a_star_comparison/lib/python3.10/site-packages/rrt_a_star_comparison/__pycache__/ml_rrt.cpython-310.pyc
/home/crx/Vscode/ros2_nav_ws/install/rrt_a_star_comparison/lib/python3.10/site-packages/rrt_a_star_comparison/__pycache__/rrt.cpython-310.pyc
/home/crx/Vscode/ros2_nav_ws/install/rrt_a_star_comparison/share/ament_index/resource_index/packages/rrt_a_star_comparison
/home/crx/Vscode/ros2_nav_ws/install/rrt_a_star_comparison/share/rrt_a_star_comparison/package.xml
/home/crx/Vscode/ros2_nav_ws/install/rrt_a_star_comparison/share/rrt_a_star_comparison/resource/sampling_policy.pth
/home/crx/Vscode/ros2_nav_ws/install/rrt_a_star_comparison/lib/python3.10/site-packages/rrt_a_star_comparison-0.0.0-py3.10.egg-info/dependency_links.txt
/home/crx/Vscode/ros2_nav_ws/install/rrt_a_star_comparison/lib/python3.10/site-packages/rrt_a_star_comparison-0.0.0-py3.10.egg-info/zip-safe
/home/crx/Vscode/ros2_nav_ws/install/rrt_a_star_comparison/lib/python3.10/site-packages/rrt_a_star_comparison-0.0.0-py3.10.egg-info/requires.txt
/home/crx/Vscode/ros2_nav_ws/install/rrt_a_star_comparison/lib/python3.10/site-packages/rrt_a_star_comparison-0.0.0-py3.10.egg-info/top_level.txt
/home/crx/Vscode/ros2_nav_ws/install/rrt_a_star_comparison/lib/python3.10/site-packages/rrt_a_star_comparison-0.0.0-py3.10.egg-info/entry_points.txt
/home/crx/Vscode/ros2_nav_ws/install/rrt_a_star_comparison/lib/python3.10/site-packages/rrt_a_star_comparison-0.0.0-py3.10.egg-info/SOURCES.txt
/home/crx/Vscode/ros2_nav_ws/install/rrt_a_star_comparison/lib/python3.10/site-packages/rrt_a_star_comparison-0.0.0-py3.10.egg-info/PKG-INFO
/home/crx/Vscode/ros2_nav_ws/install/rrt_a_star_comparison/lib/rrt_a_star_comparison/a_star_node
/home/crx/Vscode/ros2_nav_ws/install/rrt_a_star_comparison/lib/rrt_a_star_comparison/ml_rrt_node
/home/crx/Vscode/ros2_nav_ws/install/rrt_a_star_comparison/lib/rrt_a_star_comparison/performance_visualizer
/home/crx/Vscode/ros2_nav_ws/install/rrt_a_star_comparison/lib/rrt_a_star_comparison/rrt_node
