running egg_info
writing ../../build/rrt_a_star_comparison/rrt_a_star_comparison.egg-info/PKG-INFO
writing dependency_links to ../../build/rrt_a_star_comparison/rrt_a_star_comparison.egg-info/dependency_links.txt
writing entry points to ../../build/rrt_a_star_comparison/rrt_a_star_comparison.egg-info/entry_points.txt
writing requirements to ../../build/rrt_a_star_comparison/rrt_a_star_comparison.egg-info/requires.txt
writing top-level names to ../../build/rrt_a_star_comparison/rrt_a_star_comparison.egg-info/top_level.txt
reading manifest file '../../build/rrt_a_star_comparison/rrt_a_star_comparison.egg-info/SOURCES.txt'
writing manifest file '../../build/rrt_a_star_comparison/rrt_a_star_comparison.egg-info/SOURCES.txt'
running build
running build_py
copying rrt_a_star_comparison/a_star.py -> /home/crx/Vscode/ros2_nav_ws/build/rrt_a_star_comparison/build/lib/rrt_a_star_comparison
copying rrt_a_star_comparison/rrt.py -> /home/crx/Vscode/ros2_nav_ws/build/rrt_a_star_comparison/build/lib/rrt_a_star_comparison
running install
running install_lib
copying /home/crx/Vscode/ros2_nav_ws/build/rrt_a_star_comparison/build/lib/rrt_a_star_comparison/a_star.py -> /home/crx/Vscode/ros2_nav_ws/install/rrt_a_star_comparison/lib/python3.10/site-packages/rrt_a_star_comparison
copying /home/crx/Vscode/ros2_nav_ws/build/rrt_a_star_comparison/build/lib/rrt_a_star_comparison/rrt.py -> /home/crx/Vscode/ros2_nav_ws/install/rrt_a_star_comparison/lib/python3.10/site-packages/rrt_a_star_comparison
byte-compiling /home/crx/Vscode/ros2_nav_ws/install/rrt_a_star_comparison/lib/python3.10/site-packages/rrt_a_star_comparison/a_star.py to a_star.cpython-310.pyc
byte-compiling /home/crx/Vscode/ros2_nav_ws/install/rrt_a_star_comparison/lib/python3.10/site-packages/rrt_a_star_comparison/rrt.py to rrt.cpython-310.pyc
running install_data
running install_egg_info
removing '/home/crx/Vscode/ros2_nav_ws/install/rrt_a_star_comparison/lib/python3.10/site-packages/rrt_a_star_comparison-0.0.0-py3.10.egg-info' (and everything under it)
Copying ../../build/rrt_a_star_comparison/rrt_a_star_comparison.egg-info to /home/crx/Vscode/ros2_nav_ws/install/rrt_a_star_comparison/lib/python3.10/site-packages/rrt_a_star_comparison-0.0.0-py3.10.egg-info
running install_scripts
Installing a_star_node script to /home/crx/Vscode/ros2_nav_ws/install/rrt_a_star_comparison/lib/rrt_a_star_comparison
Installing ml_rrt_node script to /home/crx/Vscode/ros2_nav_ws/install/rrt_a_star_comparison/lib/rrt_a_star_comparison
Installing rrt_node script to /home/crx/Vscode/ros2_nav_ws/install/rrt_a_star_comparison/lib/rrt_a_star_comparison
writing list of installed files to '/home/crx/Vscode/ros2_nav_ws/build/rrt_a_star_comparison/install.log'
